/home/intern/anaconda3/envs/distillation_ct/lib/python3.9/site-packages/torch/functional.py:568: UserWarning: torch.meshgrid: in an upcoming release, it will be required to pass the indexing argument. (Triggered internally at  /opt/conda/conda-bld/pytorch_1646756402876/work/aten/src/ATen/native/TensorShape.cpp:2228.)
  return _VF.meshgrid(tensors, **kwargs)  # type: ignore[attr-defined]
Hyper-parameters: 
 {'dataset': 'CRC_small', 'subset': 'imagenette', 'model': 'ResNet18', 'num_experts': 10, 'lr_teacher': 0.001, 'batch_train': 16, 'batch_real': 16, 'dsa': True, 'dsa_strategy': 'color_crop_cutout_flip_scale_rotate', 'data_path': '{path_to_dataset}', 'buffer_path': '{path_to_buffer_storage}', 'train_epochs': 50, 'zca': False, 'decay': True, 'mom': 0.9, 'l2': 0.01, 'save_interval': 1, 'device': 'cuda', 'dsa_param': <utils.ParamDiffAug object at 0x7fdbb2009970>}
BUILDING DATASET
DC augmentation parameters: 
 {'crop': 4, 'scale': 0.2, 'rotate': 45, 'noise': 0.001, 'strategy': 'crop_scale_rotate'}
Itr: 0	Epoch: 0	Train Acc: 0.4945	Train AUC: 0.47605263157894734
Test Acc: 0.5	Test AUC: 0.5737179487179487
Itr: 0	Epoch: 1	Train Acc: 0.499	Train AUC: 0.5160526315789474
Test Acc: 0.5	Test AUC: 0.5988247863247863
Itr: 0	Epoch: 2	Train Acc: 0.522	Train AUC: 0.5709210526315789
Test Acc: 0.5375	Test AUC: 0.6490384615384616
Itr: 0	Epoch: 3	Train Acc: 0.495	Train AUC: 0.5119736842105262
Test Acc: 0.499	Test AUC: 0.4978632478632478
Itr: 0	Epoch: 4	Train Acc: 0.5315	Train AUC: 0.6302631578947369
Test Acc: 0.53	Test AUC: 0.610576923076923
Itr: 0	Epoch: 5	Train Acc: 0.5165	Train AUC: 0.6276315789473685
Test Acc: 0.5375	Test AUC: 0.6511752136752137
Itr: 0	Epoch: 6	Train Acc: 0.509	Train AUC: 0.5723684210526315
Test Acc: 0.5025	Test AUC: 0.5822649572649573
Itr: 0	Epoch: 7	Train Acc: 0.5295	Train AUC: 0.6138157894736842
Test Acc: 0.4975	Test AUC: 0.5528846153846154
Itr: 0	Epoch: 8	Train Acc: 0.5445	Train AUC: 0.6564473684210527
Test Acc: 0.5275	Test AUC: 0.6266025641025641
Itr: 0	Epoch: 9	Train Acc: 0.5665	Train AUC: 0.7225
Test Acc: 0.529	Test AUC: 0.6458333333333334
Itr: 0	Epoch: 10	Train Acc: 0.574	Train AUC: 0.713157894736842
Test Acc: 0.507	Test AUC: 0.6677350427350428
Itr: 0	Epoch: 11	Train Acc: 0.5525	Train AUC: 0.7036842105263158
Test Acc: 0.526	Test AUC: 0.5908119658119657
Itr: 0	Epoch: 12	Train Acc: 0.6345	Train AUC: 0.8569736842105262
Test Acc: 0.5135	Test AUC: 0.5336538461538461
Itr: 0	Epoch: 13	Train Acc: 0.6125	Train AUC: 0.8459210526315789
Test Acc: 0.515	Test AUC: 0.5523504273504273
Itr: 0	Epoch: 14	Train Acc: 0.608	Train AUC: 0.7547368421052633
Test Acc: 0.513	Test AUC: 0.47435897435897434
Itr: 0	Epoch: 15	Train Acc: 0.654	Train AUC: 0.8360526315789475
Test Acc: 0.506	Test AUC: 0.5438034188034188
Itr: 0	Epoch: 16	Train Acc: 0.6315	Train AUC: 0.8880263157894737
Test Acc: 0.5105	Test AUC: 0.5202991452991452
Itr: 0	Epoch: 17	Train Acc: 0.633	Train AUC: 0.8603947368421053
Test Acc: 0.506	Test AUC: 0.5502136752136751
Itr: 0	Epoch: 18	Train Acc: 0.658	Train AUC: 0.9131578947368423
Test Acc: 0.499	Test AUC: 0.4813034188034188
Itr: 0	Epoch: 19	Train Acc: 0.6785	Train AUC: 0.9092105263157894
Test Acc: 0.5135	Test AUC: 0.5074786324786325
Itr: 0	Epoch: 20	Train Acc: 0.6905	Train AUC: 0.9032894736842106
Test Acc: 0.507	Test AUC: 0.4556623931623931
Itr: 0	Epoch: 21	Train Acc: 0.6835	Train AUC: 0.9190789473684211
Test Acc: 0.5225	Test AUC: 0.5646367521367521
Itr: 0	Epoch: 22	Train Acc: 0.686	Train AUC: 0.9197368421052633
Test Acc: 0.5065	Test AUC: 0.4764957264957265
Itr: 0	Epoch: 23	Train Acc: 0.704	Train AUC: 0.9469736842105263
Test Acc: 0.5225	Test AUC: 0.5427350427350427
Itr: 0	Epoch: 24	Train Acc: 0.7215	Train AUC: 0.9510526315789474
Test Acc: 0.514	Test AUC: 0.576923076923077
Itr: 0	Epoch: 25	Train Acc: 0.732	Train AUC: 0.9647368421052632
Test Acc: 0.513	Test AUC: 0.49893162393162394
Itr: 0	Epoch: 26	Train Acc: 0.7045	Train AUC: 0.9181578947368422
Test Acc: 0.521	Test AUC: 0.6452991452991452
Itr: 0	Epoch: 27	Train Acc: 0.769	Train AUC: 0.9792105263157894
Test Acc: 0.5175	Test AUC: 0.6479700854700855
Itr: 0	Epoch: 28	Train Acc: 0.7875	Train AUC: 0.9867105263157895
Test Acc: 0.5225	Test AUC: 0.6324786324786326
Itr: 0	Epoch: 29	Train Acc: 0.8295	Train AUC: 0.9878947368421052
Test Acc: 0.518	Test AUC: 0.6185897435897436
Itr: 0	Epoch: 30	Train Acc: 0.851	Train AUC: 0.9961842105263158
Test Acc: 0.5195	Test AUC: 0.5993589743589745
Itr: 0	Epoch: 31	Train Acc: 0.8075	Train AUC: 0.9906578947368421
Test Acc: 0.527	Test AUC: 0.6164529914529915
Itr: 0	Epoch: 32	Train Acc: 0.8335	Train AUC: 0.9924999999999999
Test Acc: 0.5185	Test AUC: 0.5934829059829061
Itr: 0	Epoch: 33	Train Acc: 0.8425	Train AUC: 0.9923684210526316
Test Acc: 0.517	Test AUC: 0.5833333333333334
Itr: 0	Epoch: 34	Train Acc: 0.867	Train AUC: 0.9931578947368422
Test Acc: 0.5175	Test AUC: 0.6020299145299145
Itr: 0	Epoch: 35	Train Acc: 0.824	Train AUC: 0.9967105263157895
Test Acc: 0.5215	Test AUC: 0.6089743589743589
Itr: 0	Epoch: 36	Train Acc: 0.818	Train AUC: 0.978157894736842
Test Acc: 0.54	Test AUC: 0.6143162393162394
Itr: 0	Epoch: 37	Train Acc: 0.835	Train AUC: 0.9997368421052631
Test Acc: 0.5275	Test AUC: 0.6057692307692307
Itr: 0	Epoch: 38	Train Acc: 0.845	Train AUC: 0.9968421052631579
Test Acc: 0.519	Test AUC: 0.6047008547008548
Itr: 0	Epoch: 39	Train Acc: 0.8375	Train AUC: 0.9964473684210526
Test Acc: 0.5215	Test AUC: 0.5705128205128205
Itr: 0	Epoch: 40	Train Acc: 0.87	Train AUC: 0.998421052631579
Test Acc: 0.52	Test AUC: 0.5924145299145299
Itr: 0	Epoch: 41	Train Acc: 0.863	Train AUC: 1.0
Test Acc: 0.523	Test AUC: 0.5956196581196582
Itr: 0	Epoch: 42	Train Acc: 0.861	Train AUC: 0.9901315789473685
Test Acc: 0.531	Test AUC: 0.5822649572649573
Itr: 0	Epoch: 43	Train Acc: 0.858	Train AUC: 0.9896052631578948
Test Acc: 0.529	Test AUC: 0.5827991452991453
Itr: 0	Epoch: 44	Train Acc: 0.842	Train AUC: 0.9984210526315789
Test Acc: 0.513	Test AUC: 0.5956196581196581
Itr: 0	Epoch: 45	Train Acc: 0.8725	Train AUC: 0.9914473684210526
Test Acc: 0.5275	Test AUC: 0.5822649572649573
Itr: 0	Epoch: 46	Train Acc: 0.859	Train AUC: 0.9947368421052631
Test Acc: 0.532	Test AUC: 0.5726495726495726
Itr: 0	Epoch: 47	Train Acc: 0.833	Train AUC: 0.9906578947368421
Test Acc: 0.5235	Test AUC: 0.5924145299145299
Itr: 0	Epoch: 48	Train Acc: 0.835	Train AUC: 0.9930263157894736
Test Acc: 0.531	Test AUC: 0.5758547008547008
Itr: 0	Epoch: 49	Train Acc: 0.87	Train AUC: 0.9969736842105263
Test Acc: 0.536	Test AUC: 0.5902777777777778
Saving {path_to_buffer_storage}/CRC_small/ResNet18/replay_buffer_0.pt
Itr: 1	Epoch: 0	Train Acc: 0.4655	Train AUC: 0.4046052631578947
Test Acc: 0.5	Test AUC: 0.5347222222222223
Itr: 1	Epoch: 1	Train Acc: 0.501	Train AUC: 0.5148684210526315
Test Acc: 0.5	Test AUC: 0.4941239316239316
Itr: 1	Epoch: 2	Train Acc: 0.502	Train AUC: 0.560921052631579
Test Acc: 0.501	Test AUC: 0.5566239316239316
Itr: 1	Epoch: 3	Train Acc: 0.4985	Train AUC: 0.5032894736842105
Test Acc: 0.4905	Test AUC: 0.499465811965812
Itr: 1	Epoch: 4	Train Acc: 0.511	Train AUC: 0.5302631578947369
Test Acc: 0.5	Test AUC: 0.5892094017094017
Itr: 1	Epoch: 5	Train Acc: 0.515	Train AUC: 0.5019736842105263
Test Acc: 0.5035	Test AUC: 0.6298076923076923
Itr: 1	Epoch: 6	Train Acc: 0.5115	Train AUC: 0.5197368421052632
Test Acc: 0.5	Test AUC: 0.5924145299145299
Itr: 1	Epoch: 7	Train Acc: 0.5365	Train AUC: 0.6014473684210526
Test Acc: 0.507	Test AUC: 0.6228632478632479
Itr: 1	Epoch: 8	Train Acc: 0.533	Train AUC: 0.5640789473684211
Test Acc: 0.5275	Test AUC: 0.5918803418803419
Itr: 1	Epoch: 9	Train Acc: 0.5815	Train AUC: 0.6881578947368421
Test Acc: 0.5215	Test AUC: 0.5758547008547008
Itr: 1	Epoch: 10	Train Acc: 0.5575	Train AUC: 0.7153947368421053
Test Acc: 0.512	Test AUC: 0.5443376068376069
Itr: 1	Epoch: 11	Train Acc: 0.561	Train AUC: 0.6889473684210525
Test Acc: 0.513	Test AUC: 0.545940170940171
Itr: 1	Epoch: 12	Train Acc: 0.563	Train AUC: 0.6877631578947367
Test Acc: 0.5	Test AUC: 0.5956196581196581
Itr: 1	Epoch: 13	Train Acc: 0.6075	Train AUC: 0.7643421052631578
Test Acc: 0.5145	Test AUC: 0.5539529914529915
Itr: 1	Epoch: 14	Train Acc: 0.598	Train AUC: 0.8028947368421052
Test Acc: 0.5075	Test AUC: 0.5678418803418803
Itr: 1	Epoch: 15	Train Acc: 0.617	Train AUC: 0.8451315789473683
Test Acc: 0.5085	Test AUC: 0.5176282051282051
Itr: 1	Epoch: 16	Train Acc: 0.6325	Train AUC: 0.8285526315789473
Test Acc: 0.4905	Test AUC: 0.4519230769230769
Itr: 1	Epoch: 17	Train Acc: 0.648	Train AUC: 0.8480263157894737
Test Acc: 0.5	Test AUC: 0.5192307692307693
Itr: 1	Epoch: 18	Train Acc: 0.6275	Train AUC: 0.830921052631579
Test Acc: 0.518	Test AUC: 0.5673076923076923
Itr: 1	Epoch: 19	Train Acc: 0.651	Train AUC: 0.881842105263158
Test Acc: 0.4875	Test AUC: 0.4246794871794872
Itr: 1	Epoch: 20	Train Acc: 0.6685	Train AUC: 0.9073684210526315
Test Acc: 0.5045	Test AUC: 0.5213675213675213
Itr: 1	Epoch: 21	Train Acc: 0.664	Train AUC: 0.9435526315789474
Test Acc: 0.5105	Test AUC: 0.5966880341880342
Itr: 1	Epoch: 22	Train Acc: 0.7025	Train AUC: 0.8797368421052632
Test Acc: 0.4995	Test AUC: 0.500534188034188
Itr: 1	Epoch: 23	Train Acc: 0.677	Train AUC: 0.9040789473684211
Test Acc: 0.503	Test AUC: 0.48771367521367515
Itr: 1	Epoch: 24	Train Acc: 0.7185	Train AUC: 0.9569736842105264
Test Acc: 0.528	Test AUC: 0.6009615384615384
Itr: 1	Epoch: 25	Train Acc: 0.699	Train AUC: 0.9407894736842105
Test Acc: 0.492	Test AUC: 0.517094017094017
Itr: 1	Epoch: 26	Train Acc: 0.712	Train AUC: 0.8978947368421054
Test Acc: 0.5095	Test AUC: 0.5571581196581196
Itr: 1	Epoch: 27	Train Acc: 0.75	Train AUC: 0.974078947368421
Test Acc: 0.514	Test AUC: 0.5838675213675214
Itr: 1	Epoch: 28	Train Acc: 0.798	Train AUC: 0.9894736842105263
Test Acc: 0.5155	Test AUC: 0.5956196581196581
Itr: 1	Epoch: 29	Train Acc: 0.806	Train AUC: 0.9923684210526315
Test Acc: 0.5105	Test AUC: 0.547008547008547
Itr: 1	Epoch: 30	Train Acc: 0.8015	Train AUC: 0.9972368421052632
Test Acc: 0.514	Test AUC: 0.5844017094017094
Itr: 1	Epoch: 31	Train Acc: 0.817	Train AUC: 0.9875
Test Acc: 0.514	Test AUC: 0.5811965811965812
Itr: 1	Epoch: 32	Train Acc: 0.787	Train AUC: 0.9685526315789472
Test Acc: 0.516	Test AUC: 0.5576923076923077
Itr: 1	Epoch: 33	Train Acc: 0.828	Train AUC: 0.9780263157894737
Test Acc: 0.519	Test AUC: 0.6191239316239316
Itr: 1	Epoch: 34	Train Acc: 0.8085	Train AUC: 0.9868421052631579
Test Acc: 0.513	Test AUC: 0.5555555555555556
Itr: 1	Epoch: 35	Train Acc: 0.817	Train AUC: 0.9842105263157895
Test Acc: 0.5195	Test AUC: 0.5801282051282051
Itr: 1	Epoch: 36	Train Acc: 0.82	Train AUC: 0.9951315789473684
Test Acc: 0.5295	Test AUC: 0.576388888888889
Itr: 1	Epoch: 37	Train Acc: 0.8055	Train AUC: 0.9869736842105263
Test Acc: 0.5155	Test AUC: 0.5496794871794872
Itr: 1	Epoch: 38	Train Acc: 0.818	Train AUC: 0.9846052631578948
Test Acc: 0.5115	Test AUC: 0.5368589743589743
Itr: 1	Epoch: 39	Train Acc: 0.8435	Train AUC: 0.9943421052631579
Test Acc: 0.5215	Test AUC: 0.5662393162393162
Itr: 1	Epoch: 40	Train Acc: 0.83	Train AUC: 0.9911842105263158
Test Acc: 0.528	Test AUC: 0.5715811965811965
Itr: 1	Epoch: 41	Train Acc: 0.845	Train AUC: 0.9980263157894737
Test Acc: 0.5165	Test AUC: 0.5801282051282052
Itr: 1	Epoch: 42	Train Acc: 0.841	Train AUC: 0.9892105263157894
Test Acc: 0.533	Test AUC: 0.6346153846153846
Itr: 1	Epoch: 43	Train Acc: 0.851	Train AUC: 0.9957894736842106
Test Acc: 0.523	Test AUC: 0.5950854700854701
Itr: 1	Epoch: 44	Train Acc: 0.84	Train AUC: 0.9903947368421053
Test Acc: 0.52	Test AUC: 0.5747863247863249
Itr: 1	Epoch: 45	Train Acc: 0.83	Train AUC: 0.9967105263157895
Test Acc: 0.529	Test AUC: 0.561965811965812
Itr: 1	Epoch: 46	Train Acc: 0.8365	Train AUC: 0.9860526315789473
Test Acc: 0.527	Test AUC: 0.5608974358974359
Itr: 1	Epoch: 47	Train Acc: 0.8165	Train AUC: 0.985263157894737
Test Acc: 0.527	Test AUC: 0.5699786324786325
Itr: 1	Epoch: 48	Train Acc: 0.857	Train AUC: 0.9905263157894736
Test Acc: 0.527	Test AUC: 0.5678418803418803
Itr: 1	Epoch: 49	Train Acc: 0.869	Train AUC: 0.9844736842105263
Test Acc: 0.529	Test AUC: 0.5763888888888888
Saving {path_to_buffer_storage}/CRC_small/ResNet18/replay_buffer_1.pt
Itr: 2	Epoch: 0	Train Acc: 0.4965	Train AUC: 0.4982894736842105
Test Acc: 0.5	Test AUC: 0.5117521367521367
Itr: 2	Epoch: 1	Train Acc: 0.5015	Train AUC: 0.49078947368421055
Test Acc: 0.5	Test AUC: 0.4738247863247864
Itr: 2	Epoch: 2	Train Acc: 0.4995	Train AUC: 0.46671052631578946
Test Acc: 0.4905	Test AUC: 0.4807692307692307
Itr: 2	Epoch: 3	Train Acc: 0.5205	Train AUC: 0.503421052631579
Test Acc: 0.5	Test AUC: 0.5779914529914529
Itr: 2	Epoch: 4	Train Acc: 0.524	Train AUC: 0.5022368421052631
Test Acc: 0.5	Test AUC: 0.5192307692307692
Itr: 2	Epoch: 5	Train Acc: 0.521	Train AUC: 0.6061842105263159
Test Acc: 0.5125	Test AUC: 0.5689102564102564
Itr: 2	Epoch: 6	Train Acc: 0.547	Train AUC: 0.6152631578947368
Test Acc: 0.509	Test AUC: 0.5817307692307692
Itr: 2	Epoch: 7	Train Acc: 0.5325	Train AUC: 0.6292105263157894
Test Acc: 0.488	Test AUC: 0.49091880341880345
Itr: 2	Epoch: 8	Train Acc: 0.5475	Train AUC: 0.735
Test Acc: 0.5085	Test AUC: 0.5112179487179487
Itr: 2	Epoch: 9	Train Acc: 0.573	Train AUC: 0.7194736842105263
Test Acc: 0.4975	Test AUC: 0.5833333333333334
Itr: 2	Epoch: 10	Train Acc: 0.5825	Train AUC: 0.7219736842105263
Test Acc: 0.5085	Test AUC: 0.5363247863247863
Itr: 2	Epoch: 11	Train Acc: 0.5985	Train AUC: 0.8217105263157896
Test Acc: 0.492	Test AUC: 0.4433760683760684
Itr: 2	Epoch: 12	Train Acc: 0.619	Train AUC: 0.8421052631578947
Test Acc: 0.5065	Test AUC: 0.47489316239316237
Itr: 2	Epoch: 13	Train Acc: 0.5965	Train AUC: 0.7582894736842105
Test Acc: 0.526	Test AUC: 0.5192307692307693
Itr: 2	Epoch: 14	Train Acc: 0.6235	Train AUC: 0.8530263157894736
Test Acc: 0.5025	Test AUC: 0.4941239316239316
Itr: 2	Epoch: 15	Train Acc: 0.618	Train AUC: 0.8123684210526315
Test Acc: 0.5205	Test AUC: 0.5608974358974359
Itr: 2	Epoch: 16	Train Acc: 0.645	Train AUC: 0.8946052631578948
Test Acc: 0.508	Test AUC: 0.5133547008547008
Itr: 2	Epoch: 17	Train Acc: 0.658	Train AUC: 0.8719736842105262
Test Acc: 0.509	Test AUC: 0.5998931623931624
Itr: 2	Epoch: 18	Train Acc: 0.671	Train AUC: 0.8996052631578948
Test Acc: 0.523	Test AUC: 0.561965811965812
Itr: 2	Epoch: 19	Train Acc: 0.669	Train AUC: 0.8567105263157896
Test Acc: 0.5335	Test AUC: 0.5694444444444445
Itr: 2	Epoch: 20	Train Acc: 0.694	Train AUC: 0.9551315789473683
Test Acc: 0.5175	Test AUC: 0.5496794871794872
Itr: 2	Epoch: 21	Train Acc: 0.6815	Train AUC: 0.8932894736842106
Test Acc: 0.504	Test AUC: 0.5256410256410257
Itr: 2	Epoch: 22	Train Acc: 0.743	Train AUC: 0.9564473684210526
Test Acc: 0.518	Test AUC: 0.5571581196581196
Itr: 2	Epoch: 23	Train Acc: 0.7035	Train AUC: 0.9139473684210526
Test Acc: 0.53	Test AUC: 0.5961538461538461
Itr: 2	Epoch: 24	Train Acc: 0.717	Train AUC: 0.9492105263157895
Test Acc: 0.511	Test AUC: 0.6127136752136753
Itr: 2	Epoch: 25	Train Acc: 0.7335	Train AUC: 0.9669736842105263
Test Acc: 0.5285	Test AUC: 0.5470085470085471
Itr: 2	Epoch: 26	Train Acc: 0.715	Train AUC: 0.9373684210526316
Test Acc: 0.5175	Test AUC: 0.5288461538461539
Itr: 2	Epoch: 27	Train Acc: 0.7845	Train AUC: 0.9772368421052631
Test Acc: 0.5135	Test AUC: 0.5566239316239316
Itr: 2	Epoch: 28	Train Acc: 0.804	Train AUC: 0.9825
Test Acc: 0.504	Test AUC: 0.5550213675213674
Itr: 2	Epoch: 29	Train Acc: 0.792	Train AUC: 0.979078947368421
Test Acc: 0.516	Test AUC: 0.5592948717948718
Itr: 2	Epoch: 30	Train Acc: 0.795	Train AUC: 0.9732894736842105
Test Acc: 0.515	Test AUC: 0.5598290598290598
Itr: 2	Epoch: 31	Train Acc: 0.8285	Train AUC: 0.9861842105263158
Test Acc: 0.5135	Test AUC: 0.5555555555555556
Itr: 2	Epoch: 32	Train Acc: 0.842	Train AUC: 0.9930263157894739
Test Acc: 0.514	Test AUC: 0.5539529914529914
Itr: 2	Epoch: 33	Train Acc: 0.8465	Train AUC: 0.9980263157894738
Test Acc: 0.5135	Test AUC: 0.5560897435897436
Itr: 2	Epoch: 34	Train Acc: 0.8375	Train AUC: 0.9860526315789474
Test Acc: 0.5205	Test AUC: 0.5571581196581197
Itr: 2	Epoch: 35	Train Acc: 0.8205	Train AUC: 0.9843421052631578
Test Acc: 0.5175	Test AUC: 0.5726495726495726
Itr: 2	Epoch: 36	Train Acc: 0.8245	Train AUC: 0.9802631578947368
Test Acc: 0.519	Test AUC: 0.5774572649572649
Itr: 2	Epoch: 37	Train Acc: 0.837	Train AUC: 0.9925
Test Acc: 0.525	Test AUC: 0.576388888888889
Itr: 2	Epoch: 38	Train Acc: 0.8385	Train AUC: 0.9986842105263157
Test Acc: 0.526	Test AUC: 0.5603632478632479
Itr: 2	Epoch: 39	Train Acc: 0.839	Train AUC: 0.985
Test Acc: 0.517	Test AUC: 0.5854700854700855
Itr: 2	Epoch: 40	Train Acc: 0.8405	Train AUC: 0.9992105263157895
Test Acc: 0.5155	Test AUC: 0.5641025641025641
Itr: 2	Epoch: 41	Train Acc: 0.842	Train AUC: 0.9996052631578947
Test Acc: 0.5215	Test AUC: 0.5838675213675214
Itr: 2	Epoch: 42	Train Acc: 0.8535	Train AUC: 0.9939473684210526
Test Acc: 0.523	Test AUC: 0.5833333333333334
Itr: 2	Epoch: 43	Train Acc: 0.8585	Train AUC: 0.9935526315789474
Test Acc: 0.5245	Test AUC: 0.5699786324786325
Itr: 2	Epoch: 44	Train Acc: 0.8545	Train AUC: 0.9897368421052631
Test Acc: 0.534	Test AUC: 0.5705128205128205
Itr: 2	Epoch: 45	Train Acc: 0.8465	Train AUC: 0.9752631578947368
Test Acc: 0.5385	Test AUC: 0.6036324786324787
Itr: 2	Epoch: 46	Train Acc: 0.8805	Train AUC: 0.9942105263157894
Test Acc: 0.538	Test AUC: 0.5972222222222223
Itr: 2	Epoch: 47	Train Acc: 0.849	Train AUC: 0.984078947368421
Test Acc: 0.527	Test AUC: 0.5833333333333335
Itr: 2	Epoch: 48	Train Acc: 0.864	Train AUC: 0.993157894736842
Test Acc: 0.5245	Test AUC: 0.5822649572649572
Itr: 2	Epoch: 49	Train Acc: 0.8675	Train AUC: 0.9956578947368421
Test Acc: 0.517	Test AUC: 0.5555555555555556
Saving {path_to_buffer_storage}/CRC_small/ResNet18/replay_buffer_2.pt
Itr: 3	Epoch: 0	Train Acc: 0.5005	Train AUC: 0.4763157894736842
Test Acc: 0.522	Test AUC: 0.5528846153846154
Itr: 3	Epoch: 1	Train Acc: 0.502	Train AUC: 0.4586842105263158
Test Acc: 0.5065	Test AUC: 0.5160256410256411
Itr: 3	Epoch: 2	Train Acc: 0.5095	Train AUC: 0.5501315789473684
Test Acc: 0.5	Test AUC: 0.5074786324786325
Itr: 3	Epoch: 3	Train Acc: 0.5315	Train AUC: 0.5959210526315789
Test Acc: 0.5005	Test AUC: 0.5261752136752136
Itr: 3	Epoch: 4	Train Acc: 0.5175	Train AUC: 0.559342105263158
Test Acc: 0.5005	Test AUC: 0.5555555555555556
Itr: 3	Epoch: 5	Train Acc: 0.5305	Train AUC: 0.6382894736842105
Test Acc: 0.5015	Test AUC: 0.578525641025641
Itr: 3	Epoch: 6	Train Acc: 0.551	Train AUC: 0.6317105263157894
Test Acc: 0.507	Test AUC: 0.6057692307692307
Itr: 3	Epoch: 7	Train Acc: 0.576	Train AUC: 0.6661842105263158
Test Acc: 0.5005	Test AUC: 0.5325854700854701
Itr: 3	Epoch: 8	Train Acc: 0.571	Train AUC: 0.6972368421052632
Test Acc: 0.5135	Test AUC: 0.5737179487179488
Itr: 3	Epoch: 9	Train Acc: 0.605	Train AUC: 0.7261842105263158
Test Acc: 0.501	Test AUC: 0.47275641025641024
Itr: 3	Epoch: 10	Train Acc: 0.612	Train AUC: 0.7688157894736842
Test Acc: 0.51	Test AUC: 0.5902777777777778
Itr: 3	Epoch: 11	Train Acc: 0.6125	Train AUC: 0.7771052631578947
Test Acc: 0.5165	Test AUC: 0.5245726495726495
Itr: 3	Epoch: 12	Train Acc: 0.617	Train AUC: 0.7855263157894739
Test Acc: 0.5365	Test AUC: 0.561965811965812
Itr: 3	Epoch: 13	Train Acc: 0.6135	Train AUC: 0.7501315789473685
Test Acc: 0.5255	Test AUC: 0.5779914529914529
Itr: 3	Epoch: 14	Train Acc: 0.626	Train AUC: 0.855263157894737
Test Acc: 0.5315	Test AUC: 0.6672008547008547
Itr: 3	Epoch: 15	Train Acc: 0.644	Train AUC: 0.8706578947368422
Test Acc: 0.522	Test AUC: 0.5544871794871795
Itr: 3	Epoch: 16	Train Acc: 0.673	Train AUC: 0.885
Test Acc: 0.5175	Test AUC: 0.5844017094017094
Itr: 3	Epoch: 17	Train Acc: 0.683	Train AUC: 0.9286842105263158
Test Acc: 0.518	Test AUC: 0.6666666666666667
Itr: 3	Epoch: 18	Train Acc: 0.6755	Train AUC: 0.8536842105263158
Test Acc: 0.507	Test AUC: 0.5512820512820513
Itr: 3	Epoch: 19	Train Acc: 0.678	Train AUC: 0.9086842105263158
Test Acc: 0.5165	Test AUC: 0.5235042735042735
Itr: 3	Epoch: 20	Train Acc: 0.7295	Train AUC: 0.9525
Test Acc: 0.5115	Test AUC: 0.6223290598290598
Itr: 3	Epoch: 21	Train Acc: 0.7285	Train AUC: 0.9427631578947367
Test Acc: 0.5395	Test AUC: 0.6228632478632479
Itr: 3	Epoch: 22	Train Acc: 0.7095	Train AUC: 0.9296052631578948
Test Acc: 0.5155	Test AUC: 0.561965811965812
Itr: 3	Epoch: 23	Train Acc: 0.744	Train AUC: 0.9494736842105262
Test Acc: 0.5125	Test AUC: 0.5128205128205128
Itr: 3	Epoch: 24	Train Acc: 0.7585	Train AUC: 0.9753947368421054
Test Acc: 0.5035	Test AUC: 0.5438034188034188
Itr: 3	Epoch: 25	Train Acc: 0.7215	Train AUC: 0.9203947368421052
Test Acc: 0.51	Test AUC: 0.5181623931623931
Itr: 3	Epoch: 26	Train Acc: 0.7605	Train AUC: 0.9561842105263159
Test Acc: 0.499	Test AUC: 0.4465811965811966
Itr: 3	Epoch: 27	Train Acc: 0.799	Train AUC: 0.9847368421052632
Test Acc: 0.528	Test AUC: 0.49732905982905984
Itr: 3	Epoch: 28	Train Acc: 0.8045	Train AUC: 0.9953947368421052
Test Acc: 0.529	Test AUC: 0.5154914529914529
Itr: 3	Epoch: 29	Train Acc: 0.828	Train AUC: 0.9835526315789473
Test Acc: 0.525	Test AUC: 0.5117521367521367
Itr: 3	Epoch: 30	Train Acc: 0.833	Train AUC: 0.9848684210526315
Test Acc: 0.53	Test AUC: 0.5347222222222222
Itr: 3	Epoch: 31	Train Acc: 0.839	Train AUC: 0.9992105263157894
Test Acc: 0.5335	Test AUC: 0.545405982905983
Itr: 3	Epoch: 32	Train Acc: 0.8575	Train AUC: 0.9946052631578947
Test Acc: 0.5265	Test AUC: 0.532051282051282
Itr: 3	Epoch: 33	Train Acc: 0.844	Train AUC: 0.9921052631578948
Test Acc: 0.5315	Test AUC: 0.5267094017094017
Itr: 3	Epoch: 34	Train Acc: 0.864	Train AUC: 0.9921052631578945
Test Acc: 0.53	Test AUC: 0.5341880341880342
Itr: 3	Epoch: 35	Train Acc: 0.8465	Train AUC: 0.993421052631579
Test Acc: 0.528	Test AUC: 0.5299145299145299
Itr: 3	Epoch: 36	Train Acc: 0.873	Train AUC: 0.995
Test Acc: 0.5275	Test AUC: 0.5528846153846154
Itr: 3	Epoch: 37	Train Acc: 0.844	Train AUC: 0.9944736842105262
Test Acc: 0.53	Test AUC: 0.531517094017094
Itr: 3	Epoch: 38	Train Acc: 0.855	Train AUC: 0.9910526315789473
Test Acc: 0.524	Test AUC: 0.5544871794871795
Itr: 3	Epoch: 39	Train Acc: 0.85	Train AUC: 0.9919736842105263
Test Acc: 0.531	Test AUC: 0.5384615384615384
Itr: 3	Epoch: 40	Train Acc: 0.8485	Train AUC: 0.9807894736842105
Test Acc: 0.537	Test AUC: 0.5673076923076923
Itr: 3	Epoch: 41	Train Acc: 0.887	Train AUC: 0.9993421052631578
Test Acc: 0.532	Test AUC: 0.5587606837606838
Itr: 3	Epoch: 42	Train Acc: 0.889	Train AUC: 1.0
Test Acc: 0.529	Test AUC: 0.5683760683760684
Itr: 3	Epoch: 43	Train Acc: 0.877	Train AUC: 0.9930263157894738
Test Acc: 0.5335	Test AUC: 0.5641025641025641
Itr: 3	Epoch: 44	Train Acc: 0.8625	Train AUC: 0.9917105263157894
Test Acc: 0.542	Test AUC: 0.5844017094017093
Itr: 3	Epoch: 45	Train Acc: 0.906	Train AUC: 0.9993421052631579
Test Acc: 0.537	Test AUC: 0.5587606837606838
Itr: 3	Epoch: 46	Train Acc: 0.889	Train AUC: 0.9977631578947369
Test Acc: 0.545	Test AUC: 0.5726495726495726
Itr: 3	Epoch: 47	Train Acc: 0.864	Train AUC: 0.9992105263157894
Test Acc: 0.5285	Test AUC: 0.545940170940171
Itr: 3	Epoch: 48	Train Acc: 0.8815	Train AUC: 0.9971052631578947
Test Acc: 0.5345	Test AUC: 0.5512820512820513
Itr: 3	Epoch: 49	Train Acc: 0.8885	Train AUC: 0.9996052631578947
Test Acc: 0.546	Test AUC: 0.5646367521367521
Saving {path_to_buffer_storage}/CRC_small/ResNet18/replay_buffer_3.pt
Itr: 4	Epoch: 0	Train Acc: 0.508	Train AUC: 0.5164473684210525
Test Acc: 0.5	Test AUC: 0.5138888888888888
Itr: 4	Epoch: 1	Train Acc: 0.488	Train AUC: 0.48289473684210527
Test Acc: 0.525	Test AUC: 0.5416666666666666
Itr: 4	Epoch: 2	Train Acc: 0.506	Train AUC: 0.4513157894736842
Test Acc: 0.5	Test AUC: 0.548611111111111
Itr: 4	Epoch: 3	Train Acc: 0.538	Train AUC: 0.600921052631579
Test Acc: 0.518	Test AUC: 0.5603632478632479
Itr: 4	Epoch: 4	Train Acc: 0.5165	Train AUC: 0.5518421052631578
Test Acc: 0.5135	Test AUC: 0.608440170940171
Itr: 4	Epoch: 5	Train Acc: 0.5315	Train AUC: 0.5961842105263156
Test Acc: 0.5155	Test AUC: 0.5881410256410257
Itr: 4	Epoch: 6	Train Acc: 0.545	Train AUC: 0.613421052631579
Test Acc: 0.5215	Test AUC: 0.6020299145299145
Itr: 4	Epoch: 7	Train Acc: 0.5295	Train AUC: 0.6160526315789473
Test Acc: 0.503	Test AUC: 0.5908119658119658
Itr: 4	Epoch: 8	Train Acc: 0.5705	Train AUC: 0.7007894736842105
Test Acc: 0.4985	Test AUC: 0.5972222222222222
Itr: 4	Epoch: 9	Train Acc: 0.574	Train AUC: 0.7492105263157895
Test Acc: 0.5055	Test AUC: 0.591346153846154
Itr: 4	Epoch: 10	Train Acc: 0.6055	Train AUC: 0.7910526315789475
Test Acc: 0.516	Test AUC: 0.5710470085470085
Itr: 4	Epoch: 11	Train Acc: 0.5945	Train AUC: 0.720921052631579
Test Acc: 0.513	Test AUC: 0.5341880341880342
Itr: 4	Epoch: 12	Train Acc: 0.5935	Train AUC: 0.7611842105263158
Test Acc: 0.51	Test AUC: 0.5459401709401709
Itr: 4	Epoch: 13	Train Acc: 0.62	Train AUC: 0.7826315789473683
Test Acc: 0.5085	Test AUC: 0.5651709401709402
Itr: 4	Epoch: 14	Train Acc: 0.6405	Train AUC: 0.854078947368421
Test Acc: 0.5195	Test AUC: 0.5598290598290598
Itr: 4	Epoch: 15	Train Acc: 0.62	Train AUC: 0.8168421052631579
Test Acc: 0.5095	Test AUC: 0.5518162393162394
Itr: 4	Epoch: 16	Train Acc: 0.6185	Train AUC: 0.8359210526315789
Test Acc: 0.5285	Test AUC: 0.5539529914529915
Itr: 4	Epoch: 17	Train Acc: 0.6295	Train AUC: 0.8757894736842106
Test Acc: 0.5095	Test AUC: 0.5555555555555556
Itr: 4	Epoch: 18	Train Acc: 0.692	Train AUC: 0.9031578947368422
Test Acc: 0.5285	Test AUC: 0.5683760683760684
Itr: 4	Epoch: 19	Train Acc: 0.661	Train AUC: 0.874736842105263
Test Acc: 0.5035	Test AUC: 0.4642094017094017
Itr: 4	Epoch: 20	Train Acc: 0.6565	Train AUC: 0.8693421052631578
Test Acc: 0.505	Test AUC: 0.4380341880341881
Itr: 4	Epoch: 21	Train Acc: 0.6795	Train AUC: 0.9155263157894737
Test Acc: 0.523	Test AUC: 0.5427350427350428
Itr: 4	Epoch: 22	Train Acc: 0.6985	Train AUC: 0.9271052631578948
Test Acc: 0.4985	Test AUC: 0.5550213675213675
Itr: 4	Epoch: 23	Train Acc: 0.7125	Train AUC: 0.9478947368421051
Test Acc: 0.513	Test AUC: 0.5865384615384616
Itr: 4	Epoch: 24	Train Acc: 0.7135	Train AUC: 0.9451315789473684
Test Acc: 0.503	Test AUC: 0.5299145299145299
Itr: 4	Epoch: 25	Train Acc: 0.719	Train AUC: 0.9676315789473684
Test Acc: 0.5125	Test AUC: 0.5502136752136753
Itr: 4	Epoch: 26	Train Acc: 0.724	Train AUC: 0.9548684210526317
Test Acc: 0.5065	Test AUC: 0.5544871794871794
Itr: 4	Epoch: 27	Train Acc: 0.766	Train AUC: 0.9694736842105263
Test Acc: 0.5245	Test AUC: 0.5737179487179488
Itr: 4	Epoch: 28	Train Acc: 0.803	Train AUC: 0.9918421052631579
Test Acc: 0.521	Test AUC: 0.5603632478632479
Itr: 4	Epoch: 29	Train Acc: 0.8025	Train AUC: 0.9988157894736842
Test Acc: 0.516	Test AUC: 0.5534188034188035
Itr: 4	Epoch: 30	Train Acc: 0.798	Train AUC: 0.9688157894736842
Test Acc: 0.5255	Test AUC: 0.578525641025641
Itr: 4	Epoch: 31	Train Acc: 0.815	Train AUC: 0.9936842105263158
Test Acc: 0.515	Test AUC: 0.5678418803418802
Itr: 4	Epoch: 32	Train Acc: 0.812	Train AUC: 0.983421052631579
Test Acc: 0.5165	Test AUC: 0.5603632478632478
Itr: 4	Epoch: 33	Train Acc: 0.8215	Train AUC: 0.9928947368421053
Test Acc: 0.5165	Test AUC: 0.5721153846153846
Itr: 4	Epoch: 34	Train Acc: 0.83	Train AUC: 0.9981578947368421
Test Acc: 0.53	Test AUC: 0.5827991452991453
Itr: 4	Epoch: 35	Train Acc: 0.828	Train AUC: 0.9963157894736842
Test Acc: 0.5255	Test AUC: 0.5566239316239316
Itr: 4	Epoch: 36	Train Acc: 0.82	Train AUC: 0.9942105263157894
Test Acc: 0.519	Test AUC: 0.5844017094017094
Itr: 4	Epoch: 37	Train Acc: 0.8445	Train AUC: 0.9926315789473684
Test Acc: 0.5215	Test AUC: 0.5742521367521367
Itr: 4	Epoch: 38	Train Acc: 0.861	Train AUC: 0.9997368421052631
Test Acc: 0.5255	Test AUC: 0.5876068376068376
Itr: 4	Epoch: 39	Train Acc: 0.8375	Train AUC: 0.9913157894736842
Test Acc: 0.5215	Test AUC: 0.5795940170940171
Itr: 4	Epoch: 40	Train Acc: 0.8505	Train AUC: 0.9947368421052631
Test Acc: 0.5245	Test AUC: 0.577991452991453
Itr: 4	Epoch: 41	Train Acc: 0.8305	Train AUC: 0.9777631578947368
Test Acc: 0.52	Test AUC: 0.5902777777777778
Itr: 4	Epoch: 42	Train Acc: 0.8545	Train AUC: 1.0
Test Acc: 0.519	Test AUC: 0.5849358974358975
Itr: 4	Epoch: 43	Train Acc: 0.8455	Train AUC: 0.994078947368421
Test Acc: 0.524	Test AUC: 0.5854700854700855
Itr: 4	Epoch: 44	Train Acc: 0.8355	Train AUC: 0.9878947368421052
Test Acc: 0.5175	Test AUC: 0.5742521367521367
Itr: 4	Epoch: 45	Train Acc: 0.8465	Train AUC: 0.9922368421052632
Test Acc: 0.5075	Test AUC: 0.5502136752136751
Itr: 4	Epoch: 46	Train Acc: 0.8435	Train AUC: 0.9903947368421051
Test Acc: 0.515	Test AUC: 0.5683760683760684
Itr: 4	Epoch: 47	Train Acc: 0.8625	Train AUC: 0.9975
Test Acc: 0.5205	Test AUC: 0.5646367521367521
Itr: 4	Epoch: 48	Train Acc: 0.8585	Train AUC: 0.9940789473684211
Test Acc: 0.525	Test AUC: 0.6068376068376069
Itr: 4	Epoch: 49	Train Acc: 0.872	Train AUC: 0.9906578947368421
Test Acc: 0.532	Test AUC: 0.6367521367521367
Saving {path_to_buffer_storage}/CRC_small/ResNet18/replay_buffer_4.pt
Itr: 5	Epoch: 0	Train Acc: 0.507	Train AUC: 0.5053947368421053
Test Acc: 0.4905	Test AUC: 0.4973290598290598
Itr: 5	Epoch: 1	Train Acc: 0.517	Train AUC: 0.6123684210526316
Test Acc: 0.5	Test AUC: 0.4818376068376068
Itr: 5	Epoch: 2	Train Acc: 0.5	Train AUC: 0.5280263157894737
Test Acc: 0.502	Test AUC: 0.4951923076923077
Itr: 5	Epoch: 3	Train Acc: 0.501	Train AUC: 0.5222368421052632
Test Acc: 0.501	Test AUC: 0.5283119658119658
Itr: 5	Epoch: 4	Train Acc: 0.5275	Train AUC: 0.5885526315789473
Test Acc: 0.5005	Test AUC: 0.5870726495726496
Itr: 5	Epoch: 5	Train Acc: 0.5535	Train AUC: 0.6078947368421053
Test Acc: 0.514	Test AUC: 0.5966880341880342
Itr: 5	Epoch: 6	Train Acc: 0.5515	Train AUC: 0.5461842105263158
Test Acc: 0.494	Test AUC: 0.5689102564102564
Itr: 5	Epoch: 7	Train Acc: 0.529	Train AUC: 0.5913157894736842
Test Acc: 0.5	Test AUC: 0.5235042735042735
Itr: 5	Epoch: 8	Train Acc: 0.549	Train AUC: 0.6576315789473685
Test Acc: 0.501	Test AUC: 0.5096153846153846
Itr: 5	Epoch: 9	Train Acc: 0.552	Train AUC: 0.6501315789473684
Test Acc: 0.517	Test AUC: 0.4759615384615385
Itr: 5	Epoch: 10	Train Acc: 0.611	Train AUC: 0.7789473684210526
Test Acc: 0.5055	Test AUC: 0.5742521367521367
Itr: 5	Epoch: 11	Train Acc: 0.5955	Train AUC: 0.7461842105263156
Test Acc: 0.5035	Test AUC: 0.5106837606837606
Itr: 5	Epoch: 12	Train Acc: 0.621	Train AUC: 0.8355263157894738
Test Acc: 0.5045	Test AUC: 0.4428418803418804
Itr: 5	Epoch: 13	Train Acc: 0.581	Train AUC: 0.7297368421052631
Test Acc: 0.501	Test AUC: 0.5438034188034189
Itr: 5	Epoch: 14	Train Acc: 0.605	Train AUC: 0.8102631578947369
Test Acc: 0.5065	Test AUC: 0.4909188034188034
Itr: 5	Epoch: 15	Train Acc: 0.6135	Train AUC: 0.8102631578947368
Test Acc: 0.5035	Test AUC: 0.5347222222222223
Itr: 5	Epoch: 16	Train Acc: 0.631	Train AUC: 0.8003947368421052
Test Acc: 0.508	Test AUC: 0.5689102564102564
Itr: 5	Epoch: 17	Train Acc: 0.6385	Train AUC: 0.8378947368421052
Test Acc: 0.514	Test AUC: 0.5566239316239316
Itr: 5	Epoch: 18	Train Acc: 0.659	Train AUC: 0.9067105263157894
Test Acc: 0.516	Test AUC: 0.5550213675213675
Itr: 5	Epoch: 19	Train Acc: 0.661	Train AUC: 0.864078947368421
Test Acc: 0.513	Test AUC: 0.5395299145299146
Itr: 5	Epoch: 20	Train Acc: 0.686	Train AUC: 0.9110526315789474
Test Acc: 0.509	Test AUC: 0.5283119658119658
Itr: 5	Epoch: 21	Train Acc: 0.6715	Train AUC: 0.8926315789473684
Test Acc: 0.5145	Test AUC: 0.516025641025641
Itr: 5	Epoch: 22	Train Acc: 0.68	Train AUC: 0.9018421052631579
Test Acc: 0.5025	Test AUC: 0.5106837606837606
Itr: 5	Epoch: 23	Train Acc: 0.6805	Train AUC: 0.9307894736842106
Test Acc: 0.5265	Test AUC: 0.5726495726495726
Itr: 5	Epoch: 24	Train Acc: 0.7035	Train AUC: 0.9402631578947369
Test Acc: 0.516	Test AUC: 0.5870726495726496
Itr: 5	Epoch: 25	Train Acc: 0.732	Train AUC: 0.924342105263158
Test Acc: 0.496	Test AUC: 0.5176282051282052
Itr: 5	Epoch: 26	Train Acc: 0.72	Train AUC: 0.9303947368421053
Test Acc: 0.5185	Test AUC: 0.5790598290598291
Itr: 5	Epoch: 27	Train Acc: 0.776	Train AUC: 0.9727631578947369
Test Acc: 0.509	Test AUC: 0.5860042735042735
Itr: 5	Epoch: 28	Train Acc: 0.814	Train AUC: 0.9972368421052631
Test Acc: 0.5155	Test AUC: 0.5763888888888888
Itr: 5	Epoch: 29	Train Acc: 0.834	Train AUC: 0.9890789473684211
Test Acc: 0.521	Test AUC: 0.5785256410256411
Itr: 5	Epoch: 30	Train Acc: 0.8085	Train AUC: 0.9882894736842104
Test Acc: 0.5235	Test AUC: 0.5908119658119658
Itr: 5	Epoch: 31	Train Acc: 0.8165	Train AUC: 0.9698684210526315
Test Acc: 0.5295	Test AUC: 0.5966880341880342
Itr: 5	Epoch: 32	Train Acc: 0.8165	Train AUC: 0.9980263157894737
Test Acc: 0.5335	Test AUC: 0.6047008547008547
Itr: 5	Epoch: 33	Train Acc: 0.8065	Train AUC: 0.9918421052631579
Test Acc: 0.528	Test AUC: 0.6025641025641025
Itr: 5	Epoch: 34	Train Acc: 0.805	Train AUC: 0.9832894736842105
Test Acc: 0.529	Test AUC: 0.608440170940171
Itr: 5	Epoch: 35	Train Acc: 0.8485	Train AUC: 0.9982894736842105
Test Acc: 0.523	Test AUC: 0.5982905982905983
Itr: 5	Epoch: 36	Train Acc: 0.817	Train AUC: 0.9892105263157894
Test Acc: 0.5255	Test AUC: 0.6025641025641025
Itr: 5	Epoch: 37	Train Acc: 0.83	Train AUC: 0.9844736842105263
Test Acc: 0.5115	Test AUC: 0.5667735042735043
Itr: 5	Epoch: 38	Train Acc: 0.845	Train AUC: 0.9980263157894737
Test Acc: 0.511	Test AUC: 0.5539529914529914
Itr: 5	Epoch: 39	Train Acc: 0.827	Train AUC: 0.9819736842105262
Test Acc: 0.5215	Test AUC: 0.5924145299145299
Itr: 5	Epoch: 40	Train Acc: 0.8345	Train AUC: 0.984078947368421
Test Acc: 0.5105	Test AUC: 0.5897435897435898
Itr: 5	Epoch: 41	Train Acc: 0.831	Train AUC: 0.9865789473684211
Test Acc: 0.513	Test AUC: 0.5988247863247864
Itr: 5	Epoch: 42	Train Acc: 0.853	Train AUC: 0.9836842105263158
Test Acc: 0.5215	Test AUC: 0.5993589743589743
Itr: 5	Epoch: 43	Train Acc: 0.852	Train AUC: 0.9993421052631579
Test Acc: 0.515	Test AUC: 0.5758547008547009
Itr: 5	Epoch: 44	Train Acc: 0.829	Train AUC: 0.9940789473684212
Test Acc: 0.5305	Test AUC: 0.6036324786324786
Itr: 5	Epoch: 45	Train Acc: 0.8545	Train AUC: 0.9924999999999999
Test Acc: 0.5245	Test AUC: 0.5972222222222223
Itr: 5	Epoch: 46	Train Acc: 0.817	Train AUC: 0.9898684210526315
Test Acc: 0.525	Test AUC: 0.6004273504273504
Itr: 5	Epoch: 47	Train Acc: 0.8455	Train AUC: 0.9980263157894737
Test Acc: 0.5305	Test AUC: 0.6030982905982907
Itr: 5	Epoch: 48	Train Acc: 0.882	Train AUC: 0.9950000000000001
Test Acc: 0.524	Test AUC: 0.5731837606837606
Itr: 5	Epoch: 49	Train Acc: 0.85	Train AUC: 0.9835526315789473
Test Acc: 0.5335	Test AUC: 0.6030982905982906
Saving {path_to_buffer_storage}/CRC_small/ResNet18/replay_buffer_5.pt
Itr: 6	Epoch: 0	Train Acc: 0.497	Train AUC: 0.5148684210526315
Test Acc: 0.5	Test AUC: 0.5373931623931624
Itr: 6	Epoch: 1	Train Acc: 0.5135	Train AUC: 0.5906578947368423
Test Acc: 0.5	Test AUC: 0.5261752136752137
Itr: 6	Epoch: 2	Train Acc: 0.512	Train AUC: 0.49842105263157893
Test Acc: 0.5	Test AUC: 0.5811965811965812
Itr: 6	Epoch: 3	Train Acc: 0.5175	Train AUC: 0.534342105263158
Test Acc: 0.525	Test AUC: 0.5982905982905984
Itr: 6	Epoch: 4	Train Acc: 0.508	Train AUC: 0.5277631578947368
Test Acc: 0.498	Test AUC: 0.5518162393162394
Itr: 6	Epoch: 5	Train Acc: 0.537	Train AUC: 0.5874999999999999
Test Acc: 0.5005	Test AUC: 0.4861111111111111
Itr: 6	Epoch: 6	Train Acc: 0.551	Train AUC: 0.6055263157894737
Test Acc: 0.5055	Test AUC: 0.548076923076923
Itr: 6	Epoch: 7	Train Acc: 0.5575	Train AUC: 0.626842105263158
Test Acc: 0.52	Test AUC: 0.5833333333333334
Itr: 6	Epoch: 8	Train Acc: 0.559	Train AUC: 0.6586842105263158
Test Acc: 0.5005	Test AUC: 0.4935897435897436
Itr: 6	Epoch: 9	Train Acc: 0.555	Train AUC: 0.6222368421052631
Test Acc: 0.5035	Test AUC: 0.5582264957264957
Itr: 6	Epoch: 10	Train Acc: 0.5575	Train AUC: 0.6353947368421052
Test Acc: 0.5	Test AUC: 0.513888888888889
Itr: 6	Epoch: 11	Train Acc: 0.5885	Train AUC: 0.7530263157894738
Test Acc: 0.503	Test AUC: 0.530982905982906
Itr: 6	Epoch: 12	Train Acc: 0.619	Train AUC: 0.8707894736842104
Test Acc: 0.523	Test AUC: 0.5341880341880342
Itr: 6	Epoch: 13	Train Acc: 0.6015	Train AUC: 0.8081578947368422
Test Acc: 0.4955	Test AUC: 0.4877136752136752
Itr: 6	Epoch: 14	Train Acc: 0.612	Train AUC: 0.8186842105263158
Test Acc: 0.5195	Test AUC: 0.5368589743589745
Itr: 6	Epoch: 15	Train Acc: 0.646	Train AUC: 0.8755263157894736
Test Acc: 0.504	Test AUC: 0.4780982905982906
Itr: 6	Epoch: 16	Train Acc: 0.6355	Train AUC: 0.8151315789473684
Test Acc: 0.5105	Test AUC: 0.4310897435897435
Itr: 6	Epoch: 17	Train Acc: 0.667	Train AUC: 0.8539473684210526
Test Acc: 0.508	Test AUC: 0.5170940170940171
Itr: 6	Epoch: 18	Train Acc: 0.6585	Train AUC: 0.9169736842105264
Test Acc: 0.5015	Test AUC: 0.5021367521367521
Itr: 6	Epoch: 19	Train Acc: 0.659	Train AUC: 0.8964473684210527
Test Acc: 0.493	Test AUC: 0.5053418803418803
Itr: 6	Epoch: 20	Train Acc: 0.6845	Train AUC: 0.9155263157894735
Test Acc: 0.499	Test AUC: 0.47275641025641024
Itr: 6	Epoch: 21	Train Acc: 0.6745	Train AUC: 0.9428947368421052
Test Acc: 0.509	Test AUC: 0.516559829059829
Itr: 6	Epoch: 22	Train Acc: 0.6925	Train AUC: 0.9367105263157895
Test Acc: 0.5195	Test AUC: 0.5389957264957265
Itr: 6	Epoch: 23	Train Acc: 0.7	Train AUC: 0.9473684210526316
Test Acc: 0.5125	Test AUC: 0.5261752136752137
Itr: 6	Epoch: 24	Train Acc: 0.7435	Train AUC: 0.9740789473684209
Test Acc: 0.5175	Test AUC: 0.5416666666666666
Itr: 6	Epoch: 25	Train Acc: 0.705	Train AUC: 0.9431578947368422
Test Acc: 0.511	Test AUC: 0.532051282051282
Itr: 6	Epoch: 26	Train Acc: 0.7315	Train AUC: 0.9651315789473685
Test Acc: 0.5265	Test AUC: 0.530448717948718
Itr: 6	Epoch: 27	Train Acc: 0.7665	Train AUC: 0.9539473684210525
Test Acc: 0.521	Test AUC: 0.5811965811965812
Itr: 6	Epoch: 28	Train Acc: 0.81	Train AUC: 0.9942105263157894
Test Acc: 0.524	Test AUC: 0.5982905982905983
Itr: 6	Epoch: 29	Train Acc: 0.793	Train AUC: 0.9871052631578947
Test Acc: 0.526	Test AUC: 0.5881410256410257
Itr: 6	Epoch: 30	Train Acc: 0.824	Train AUC: 0.9971052631578947
Test Acc: 0.525	Test AUC: 0.5918803418803419
Itr: 6	Epoch: 31	Train Acc: 0.803	Train AUC: 0.9921052631578947
Test Acc: 0.5255	Test AUC: 0.5977564102564102
Itr: 6	Epoch: 32	Train Acc: 0.857	Train AUC: 0.9927631578947368
Test Acc: 0.5275	Test AUC: 0.594017094017094
Itr: 6	Epoch: 33	Train Acc: 0.8285	Train AUC: 0.9942105263157895
Test Acc: 0.514	Test AUC: 0.6143162393162394
Itr: 6	Epoch: 34	Train Acc: 0.863	Train AUC: 0.9997368421052631
Test Acc: 0.5265	Test AUC: 0.6185897435897436
Itr: 6	Epoch: 35	Train Acc: 0.838	Train AUC: 0.9902631578947367
Test Acc: 0.5245	Test AUC: 0.6057692307692308
Itr: 6	Epoch: 36	Train Acc: 0.842	Train AUC: 0.9993421052631579
Test Acc: 0.532	Test AUC: 0.6116452991452992
Itr: 6	Epoch: 37	Train Acc: 0.857	Train AUC: 0.9960526315789474
Test Acc: 0.5275	Test AUC: 0.6068376068376068
Itr: 6	Epoch: 38	Train Acc: 0.8645	Train AUC: 0.9955263157894736
Test Acc: 0.5265	Test AUC: 0.5977564102564104
Itr: 6	Epoch: 39	Train Acc: 0.8555	Train AUC: 0.9931578947368421
Test Acc: 0.5275	Test AUC: 0.607905982905983
Itr: 6	Epoch: 40	Train Acc: 0.826	Train AUC: 0.9843421052631579
Test Acc: 0.5265	Test AUC: 0.5982905982905983
Itr: 6	Epoch: 41	Train Acc: 0.8605	Train AUC: 0.9997368421052631
Test Acc: 0.5365	Test AUC: 0.5849358974358975
Itr: 6	Epoch: 42	Train Acc: 0.8575	Train AUC: 0.9936842105263157
Test Acc: 0.5225	Test AUC: 0.577991452991453
Itr: 6	Epoch: 43	Train Acc: 0.869	Train AUC: 0.9946052631578948
Test Acc: 0.525	Test AUC: 0.5785256410256411
Itr: 6	Epoch: 44	Train Acc: 0.8645	Train AUC: 0.9969736842105262
Test Acc: 0.5295	Test AUC: 0.5961538461538461
Itr: 6	Epoch: 45	Train Acc: 0.876	Train AUC: 0.9910526315789473
Test Acc: 0.533	Test AUC: 0.5865384615384616
Itr: 6	Epoch: 46	Train Acc: 0.879	Train AUC: 0.9960526315789473
Test Acc: 0.536	Test AUC: 0.6175213675213675
Itr: 6	Epoch: 47	Train Acc: 0.889	Train AUC: 0.9947368421052631
Test Acc: 0.538	Test AUC: 0.594551282051282
Itr: 6	Epoch: 48	Train Acc: 0.8605	Train AUC: 0.9938157894736841
Test Acc: 0.5365	Test AUC: 0.5966880341880342
Itr: 6	Epoch: 49	Train Acc: 0.895	Train AUC: 0.9992105263157895
Test Acc: 0.5255	Test AUC: 0.5721153846153846
Saving {path_to_buffer_storage}/CRC_small/ResNet18/replay_buffer_6.pt
Itr: 7	Epoch: 0	Train Acc: 0.4995	Train AUC: 0.45539473684210524
Test Acc: 0.5005	Test AUC: 0.5347222222222222
Itr: 7	Epoch: 1	Train Acc: 0.5095	Train AUC: 0.518421052631579
Test Acc: 0.5	Test AUC: 0.5892094017094017
Itr: 7	Epoch: 2	Train Acc: 0.507	Train AUC: 0.5010526315789474
Test Acc: 0.5	Test AUC: 0.6180555555555555
Itr: 7	Epoch: 3	Train Acc: 0.509	Train AUC: 0.5271052631578947
Test Acc: 0.5	Test AUC: 0.6864316239316239
Itr: 7	Epoch: 4	Train Acc: 0.492	Train AUC: 0.4960526315789474
Test Acc: 0.5335	Test AUC: 0.6816239316239315
Itr: 7	Epoch: 5	Train Acc: 0.523	Train AUC: 0.5419736842105264
Test Acc: 0.5	Test AUC: 0.6030982905982906
Itr: 7	Epoch: 6	Train Acc: 0.5365	Train AUC: 0.5888157894736843
Test Acc: 0.507	Test AUC: 0.6020299145299145
Itr: 7	Epoch: 7	Train Acc: 0.528	Train AUC: 0.5698684210526316
Test Acc: 0.511	Test AUC: 0.5721153846153846
Itr: 7	Epoch: 8	Train Acc: 0.5165	Train AUC: 0.5172368421052632
Test Acc: 0.502	Test AUC: 0.5614316239316239
Itr: 7	Epoch: 9	Train Acc: 0.562	Train AUC: 0.6647368421052632
Test Acc: 0.499	Test AUC: 0.5475427350427351
Itr: 7	Epoch: 10	Train Acc: 0.5785	Train AUC: 0.6789473684210527
Test Acc: 0.5025	Test AUC: 0.514957264957265
Itr: 7	Epoch: 11	Train Acc: 0.5865	Train AUC: 0.7721052631578947
Test Acc: 0.5135	Test AUC: 0.5993589743589743
Itr: 7	Epoch: 12	Train Acc: 0.589	Train AUC: 0.7857894736842105
Test Acc: 0.509	Test AUC: 0.5657051282051282
Itr: 7	Epoch: 13	Train Acc: 0.61	Train AUC: 0.8393421052631579
Test Acc: 0.4965	Test AUC: 0.43963675213675213
Itr: 7	Epoch: 14	Train Acc: 0.6045	Train AUC: 0.7302631578947367
Test Acc: 0.505	Test AUC: 0.5956196581196582
Itr: 7	Epoch: 15	Train Acc: 0.634	Train AUC: 0.8410526315789473
Test Acc: 0.5205	Test AUC: 0.5325854700854701
Itr: 7	Epoch: 16	Train Acc: 0.6235	Train AUC: 0.8331578947368421
Test Acc: 0.524	Test AUC: 0.5608974358974359
Itr: 7	Epoch: 17	Train Acc: 0.648	Train AUC: 0.8581578947368421
Test Acc: 0.5025	Test AUC: 0.5128205128205128
Itr: 7	Epoch: 18	Train Acc: 0.655	Train AUC: 0.8748684210526316
Test Acc: 0.5275	Test AUC: 0.6127136752136753
Itr: 7	Epoch: 19	Train Acc: 0.6595	Train AUC: 0.8993421052631579
Test Acc: 0.52	Test AUC: 0.5897435897435898
Itr: 7	Epoch: 20	Train Acc: 0.6845	Train AUC: 0.8902631578947369
Test Acc: 0.514	Test AUC: 0.5844017094017094
Itr: 7	Epoch: 21	Train Acc: 0.6905	Train AUC: 0.9298684210526316
Test Acc: 0.5125	Test AUC: 0.5293803418803419
Itr: 7	Epoch: 22	Train Acc: 0.6995	Train AUC: 0.9105263157894737
Test Acc: 0.502	Test AUC: 0.5384615384615384
Itr: 7	Epoch: 23	Train Acc: 0.6885	Train AUC: 0.9175000000000001
Test Acc: 0.5005	Test AUC: 0.4460470085470085
Itr: 7	Epoch: 24	Train Acc: 0.7265	Train AUC: 0.9367105263157894
Test Acc: 0.5275	Test AUC: 0.6677350427350427
Itr: 7	Epoch: 25	Train Acc: 0.714	Train AUC: 0.9238157894736844
Test Acc: 0.519	Test AUC: 0.6191239316239316
Itr: 7	Epoch: 26	Train Acc: 0.728	Train AUC: 0.9577631578947368
Test Acc: 0.501	Test AUC: 0.5443376068376069
Itr: 7	Epoch: 27	Train Acc: 0.763	Train AUC: 0.9473684210526315
Test Acc: 0.5185	Test AUC: 0.5753205128205129
Itr: 7	Epoch: 28	Train Acc: 0.802	Train AUC: 0.9888157894736842
Test Acc: 0.513	Test AUC: 0.5699786324786325
Itr: 7	Epoch: 29	Train Acc: 0.8175	Train AUC: 0.9898684210526316
Test Acc: 0.5155	Test AUC: 0.5598290598290597
Itr: 7	Epoch: 30	Train Acc: 0.85	Train AUC: 0.9989473684210527
Test Acc: 0.5085	Test AUC: 0.5470085470085471
Itr: 7	Epoch: 31	Train Acc: 0.808	Train AUC: 0.9969736842105262
Test Acc: 0.506	Test AUC: 0.5662393162393162
Itr: 7	Epoch: 32	Train Acc: 0.831	Train AUC: 0.998157894736842
Test Acc: 0.5135	Test AUC: 0.5502136752136751
Itr: 7	Epoch: 33	Train Acc: 0.8405	Train AUC: 0.9934210526315789
Test Acc: 0.515	Test AUC: 0.5480769230769231
Itr: 7	Epoch: 34	Train Acc: 0.8445	Train AUC: 0.9673684210526314
Test Acc: 0.513	Test AUC: 0.561965811965812
Itr: 7	Epoch: 35	Train Acc: 0.832	Train AUC: 0.9830263157894737
Test Acc: 0.514	Test AUC: 0.5432692307692307
Itr: 7	Epoch: 36	Train Acc: 0.814	Train AUC: 0.9710526315789473
Test Acc: 0.514	Test AUC: 0.5598290598290598
Itr: 7	Epoch: 37	Train Acc: 0.827	Train AUC: 0.9927631578947368
Test Acc: 0.5045	Test AUC: 0.5523504273504273
Itr: 7	Epoch: 38	Train Acc: 0.864	Train AUC: 0.9914473684210526
Test Acc: 0.4985	Test AUC: 0.5625
Itr: 7	Epoch: 39	Train Acc: 0.859	Train AUC: 0.9942105263157895
Test Acc: 0.516	Test AUC: 0.5817307692307693
Itr: 7	Epoch: 40	Train Acc: 0.8385	Train AUC: 0.9956578947368421
Test Acc: 0.508	Test AUC: 0.5539529914529914
Itr: 7	Epoch: 41	Train Acc: 0.843	Train AUC: 0.9906578947368421
Test Acc: 0.5135	Test AUC: 0.5779914529914529
Itr: 7	Epoch: 42	Train Acc: 0.8455	Train AUC: 0.9951315789473685
Test Acc: 0.5045	Test AUC: 0.5657051282051282
Itr: 7	Epoch: 43	Train Acc: 0.8865	Train AUC: 0.9868421052631579
Test Acc: 0.5295	Test AUC: 0.592948717948718
Itr: 7	Epoch: 44	Train Acc: 0.8415	Train AUC: 0.994736842105263
Test Acc: 0.5335	Test AUC: 0.6132478632478632
Itr: 7	Epoch: 45	Train Acc: 0.8575	Train AUC: 0.9905263157894737
Test Acc: 0.5265	Test AUC: 0.6191239316239316
Itr: 7	Epoch: 46	Train Acc: 0.8525	Train AUC: 0.9871052631578947
Test Acc: 0.5075	Test AUC: 0.5641025641025641
Itr: 7	Epoch: 47	Train Acc: 0.848	Train AUC: 0.9922368421052631
Test Acc: 0.5155	Test AUC: 0.5892094017094017
Itr: 7	Epoch: 48	Train Acc: 0.8625	Train AUC: 0.996578947368421
Test Acc: 0.5295	Test AUC: 0.5715811965811965
Itr: 7	Epoch: 49	Train Acc: 0.876	Train AUC: 0.9980263157894738
Test Acc: 0.5245	Test AUC: 0.592948717948718
Saving {path_to_buffer_storage}/CRC_small/ResNet18/replay_buffer_7.pt
Itr: 8	Epoch: 0	Train Acc: 0.5145	Train AUC: 0.48092105263157897
Test Acc: 0.508	Test AUC: 0.5427350427350428
Itr: 8	Epoch: 1	Train Acc: 0.5025	Train AUC: 0.5367105263157894
Test Acc: 0.494	Test AUC: 0.5149572649572649
Itr: 8	Epoch: 2	Train Acc: 0.521	Train AUC: 0.5613157894736842
Test Acc: 0.497	Test AUC: 0.5352564102564104
Itr: 8	Epoch: 3	Train Acc: 0.5195	Train AUC: 0.5597368421052632
Test Acc: 0.5	Test AUC: 0.5288461538461539
Itr: 8	Epoch: 4	Train Acc: 0.5035	Train AUC: 0.5125
Test Acc: 0.5005	Test AUC: 0.5822649572649572
Itr: 8	Epoch: 5	Train Acc: 0.524	Train AUC: 0.546578947368421
Test Acc: 0.5	Test AUC: 0.5283119658119658
Itr: 8	Epoch: 6	Train Acc: 0.519	Train AUC: 0.5594736842105262
Test Acc: 0.513	Test AUC: 0.5235042735042735
Itr: 8	Epoch: 7	Train Acc: 0.5395	Train AUC: 0.6298684210526316
Test Acc: 0.5115	Test AUC: 0.5742521367521368
Itr: 8	Epoch: 8	Train Acc: 0.547	Train AUC: 0.6221052631578947
Test Acc: 0.5075	Test AUC: 0.5496794871794872
Itr: 8	Epoch: 9	Train Acc: 0.5535	Train AUC: 0.7165789473684211
Test Acc: 0.4965	Test AUC: 0.516025641025641
Itr: 8	Epoch: 10	Train Acc: 0.559	Train AUC: 0.6717105263157894
Test Acc: 0.4915	Test AUC: 0.5128205128205128
Itr: 8	Epoch: 11	Train Acc: 0.5925	Train AUC: 0.7584210526315789
Test Acc: 0.509	Test AUC: 0.515491452991453
Itr: 8	Epoch: 12	Train Acc: 0.595	Train AUC: 0.7552631578947369
Test Acc: 0.502	Test AUC: 0.6014957264957265
Itr: 8	Epoch: 13	Train Acc: 0.584	Train AUC: 0.7671052631578947
Test Acc: 0.5085	Test AUC: 0.4716880341880342
Itr: 8	Epoch: 14	Train Acc: 0.62	Train AUC: 0.8350000000000001
Test Acc: 0.492	Test AUC: 0.47489316239316237
Itr: 8	Epoch: 15	Train Acc: 0.6105	Train AUC: 0.8019736842105263
Test Acc: 0.5125	Test AUC: 0.5181623931623931
Itr: 8	Epoch: 16	Train Acc: 0.6165	Train AUC: 0.8203947368421053
Test Acc: 0.5105	Test AUC: 0.5154914529914529
Itr: 8	Epoch: 17	Train Acc: 0.6585	Train AUC: 0.8522368421052633
Test Acc: 0.512	Test AUC: 0.5742521367521368
Itr: 8	Epoch: 18	Train Acc: 0.6735	Train AUC: 0.8982894736842105
Test Acc: 0.5175	Test AUC: 0.5379273504273504
Itr: 8	Epoch: 19	Train Acc: 0.6495	Train AUC: 0.8522368421052631
Test Acc: 0.4995	Test AUC: 0.5699786324786325
Itr: 8	Epoch: 20	Train Acc: 0.668	Train AUC: 0.8740789473684211
Test Acc: 0.5035	Test AUC: 0.5731837606837606
Itr: 8	Epoch: 21	Train Acc: 0.658	Train AUC: 0.9234210526315789
Test Acc: 0.4955	Test AUC: 0.49198717948717946
Itr: 8	Epoch: 22	Train Acc: 0.697	Train AUC: 0.9402631578947369
Test Acc: 0.517	Test AUC: 0.6111111111111112
Itr: 8	Epoch: 23	Train Acc: 0.703	Train AUC: 0.9285526315789474
Test Acc: 0.5285	Test AUC: 0.6431623931623931
Itr: 8	Epoch: 24	Train Acc: 0.735	Train AUC: 0.9369736842105263
Test Acc: 0.5155	Test AUC: 0.5539529914529915
Itr: 8	Epoch: 25	Train Acc: 0.71	Train AUC: 0.9055263157894737
Test Acc: 0.517	Test AUC: 0.5459401709401709
Itr: 8	Epoch: 26	Train Acc: 0.7045	Train AUC: 0.9532894736842106
Test Acc: 0.507	Test AUC: 0.5737179487179488
Itr: 8	Epoch: 27	Train Acc: 0.771	Train AUC: 0.993421052631579
Test Acc: 0.5165	Test AUC: 0.6004273504273504
Itr: 8	Epoch: 28	Train Acc: 0.806	Train AUC: 0.9860526315789475
Test Acc: 0.5225	Test AUC: 0.5811965811965811
Itr: 8	Epoch: 29	Train Acc: 0.819	Train AUC: 0.978421052631579
Test Acc: 0.513	Test AUC: 0.5774572649572649
Itr: 8	Epoch: 30	Train Acc: 0.805	Train AUC: 0.9861842105263159
Test Acc: 0.515	Test AUC: 0.6025641025641025
Itr: 8	Epoch: 31	Train Acc: 0.806	Train AUC: 0.986578947368421
Test Acc: 0.5185	Test AUC: 0.5897435897435898
Itr: 8	Epoch: 32	Train Acc: 0.824	Train AUC: 0.9993421052631578
Test Acc: 0.529	Test AUC: 0.5913461538461539
Itr: 8	Epoch: 33	Train Acc: 0.8275	Train AUC: 0.9877631578947369
Test Acc: 0.5255	Test AUC: 0.610042735042735
Itr: 8	Epoch: 34	Train Acc: 0.823	Train AUC: 0.9932894736842105
Test Acc: 0.526	Test AUC: 0.5897435897435898
Itr: 8	Epoch: 35	Train Acc: 0.8235	Train AUC: 0.9985526315789474
Test Acc: 0.5205	Test AUC: 0.5854700854700855
Itr: 8	Epoch: 36	Train Acc: 0.8425	Train AUC: 0.986842105263158
Test Acc: 0.52	Test AUC: 0.5902777777777778
Itr: 8	Epoch: 37	Train Acc: 0.837	Train AUC: 0.9902631578947367
Test Acc: 0.522	Test AUC: 0.5811965811965812
Itr: 8	Epoch: 38	Train Acc: 0.842	Train AUC: 0.9973684210526316
Test Acc: 0.505	Test AUC: 0.5865384615384615
Itr: 8	Epoch: 39	Train Acc: 0.8525	Train AUC: 0.9944736842105263
Test Acc: 0.5225	Test AUC: 0.577991452991453
Itr: 8	Epoch: 40	Train Acc: 0.831	Train AUC: 0.9830263157894737
Test Acc: 0.5245	Test AUC: 0.5998931623931624
Itr: 8	Epoch: 41	Train Acc: 0.841	Train AUC: 0.9861842105263158
Test Acc: 0.5145	Test AUC: 0.5870726495726496
Itr: 8	Epoch: 42	Train Acc: 0.8185	Train AUC: 0.9917105263157894
Test Acc: 0.519	Test AUC: 0.592948717948718
Itr: 8	Epoch: 43	Train Acc: 0.854	Train AUC: 0.9986842105263158
Test Acc: 0.522	Test AUC: 0.5817307692307692
Itr: 8	Epoch: 44	Train Acc: 0.843	Train AUC: 0.9969736842105263
Test Acc: 0.52	Test AUC: 0.5822649572649572
Itr: 8	Epoch: 45	Train Acc: 0.8615	Train AUC: 0.995
Test Acc: 0.5225	Test AUC: 0.577991452991453
Itr: 8	Epoch: 46	Train Acc: 0.868	Train AUC: 0.9878947368421052
Test Acc: 0.5215	Test AUC: 0.5972222222222222
Itr: 8	Epoch: 47	Train Acc: 0.872	Train AUC: 0.9976315789473684
Test Acc: 0.52	Test AUC: 0.6052350427350427
Itr: 8	Epoch: 48	Train Acc: 0.8505	Train AUC: 0.9973684210526316
Test Acc: 0.5195	Test AUC: 0.6137820512820513
Itr: 8	Epoch: 49	Train Acc: 0.8555	Train AUC: 0.998421052631579
Test Acc: 0.521	Test AUC: 0.6073717948717949
Saving {path_to_buffer_storage}/CRC_small/ResNet18/replay_buffer_8.pt
Itr: 9	Epoch: 0	Train Acc: 0.505	Train AUC: 0.5157894736842105
Test Acc: 0.5	Test AUC: 0.5096153846153846
Itr: 9	Epoch: 1	Train Acc: 0.51	Train AUC: 0.525
Test Acc: 0.5025	Test AUC: 0.6137820512820513
Itr: 9	Epoch: 2	Train Acc: 0.4955	Train AUC: 0.529342105263158
Test Acc: 0.5	Test AUC: 0.657051282051282
Itr: 9	Epoch: 3	Train Acc: 0.493	Train AUC: 0.48078947368421054
Test Acc: 0.5155	Test AUC: 0.5411324786324787
Itr: 9	Epoch: 4	Train Acc: 0.5045	Train AUC: 0.49328947368421056
Test Acc: 0.5	Test AUC: 0.6223290598290598
Itr: 9	Epoch: 5	Train Acc: 0.5215	Train AUC: 0.54
Test Acc: 0.4985	Test AUC: 0.5779914529914529
Itr: 9	Epoch: 6	Train Acc: 0.5205	Train AUC: 0.5390789473684211
Test Acc: 0.4995	Test AUC: 0.5411324786324787
Itr: 9	Epoch: 7	Train Acc: 0.525	Train AUC: 0.5610526315789474
Test Acc: 0.5085	Test AUC: 0.5272435897435898
Itr: 9	Epoch: 8	Train Acc: 0.5615	Train AUC: 0.6225
Test Acc: 0.5155	Test AUC: 0.514957264957265
Itr: 9	Epoch: 9	Train Acc: 0.568	Train AUC: 0.6549999999999999
Test Acc: 0.5145	Test AUC: 0.5283119658119658
Itr: 9	Epoch: 10	Train Acc: 0.5655	Train AUC: 0.6885526315789473
Test Acc: 0.5075	Test AUC: 0.5694444444444445
Itr: 9	Epoch: 11	Train Acc: 0.5525	Train AUC: 0.7117105263157895
Test Acc: 0.511	Test AUC: 0.5261752136752137
Itr: 9	Epoch: 12	Train Acc: 0.6035	Train AUC: 0.7921052631578948
Test Acc: 0.512	Test AUC: 0.5480769230769231
Itr: 9	Epoch: 13	Train Acc: 0.5805	Train AUC: 0.7502631578947369
Test Acc: 0.51	Test AUC: 0.515491452991453
Itr: 9	Epoch: 14	Train Acc: 0.5925	Train AUC: 0.6936842105263159
Test Acc: 0.498	Test AUC: 0.4893162393162393
Itr: 9	Epoch: 15	Train Acc: 0.599	Train AUC: 0.7590789473684211
Test Acc: 0.4985	Test AUC: 0.47542735042735046
Itr: 9	Epoch: 16	Train Acc: 0.6205	Train AUC: 0.8298684210526316
Test Acc: 0.509	Test AUC: 0.4732905982905983
Itr: 9	Epoch: 17	Train Acc: 0.626	Train AUC: 0.8373684210526315
Test Acc: 0.5135	Test AUC: 0.5347222222222222
Itr: 9	Epoch: 18	Train Acc: 0.609	Train AUC: 0.8656578947368421
Test Acc: 0.504	Test AUC: 0.5518162393162394
Itr: 9	Epoch: 19	Train Acc: 0.679	Train AUC: 0.9156578947368422
Test Acc: 0.5215	Test AUC: 0.5977564102564104
Itr: 9	Epoch: 20	Train Acc: 0.66	Train AUC: 0.8936842105263157
Test Acc: 0.518	Test AUC: 0.563034188034188
Itr: 9	Epoch: 21	Train Acc: 0.6805	Train AUC: 0.9094736842105264
Test Acc: 0.5125	Test AUC: 0.5347222222222222
Itr: 9	Epoch: 22	Train Acc: 0.686	Train AUC: 0.9543421052631579
Test Acc: 0.528	Test AUC: 0.5224358974358975
Itr: 9	Epoch: 23	Train Acc: 0.705	Train AUC: 0.9618421052631578
Test Acc: 0.5155	Test AUC: 0.5133547008547008
Itr: 9	Epoch: 24	Train Acc: 0.723	Train AUC: 0.9396052631578948
Test Acc: 0.527	Test AUC: 0.6362179487179487
Itr: 9	Epoch: 25	Train Acc: 0.717	Train AUC: 0.9389473684210525
Test Acc: 0.523	Test AUC: 0.5838675213675213
Itr: 9	Epoch: 26	Train Acc: 0.7345	Train AUC: 0.9593421052631578
Test Acc: 0.5095	Test AUC: 0.6063034188034188
Itr: 9	Epoch: 27	Train Acc: 0.7785	Train AUC: 0.9636842105263158
Test Acc: 0.526	Test AUC: 0.608440170940171
Itr: 9	Epoch: 28	Train Acc: 0.7975	Train AUC: 0.9726315789473684
Test Acc: 0.519	Test AUC: 0.5881410256410257
Itr: 9	Epoch: 29	Train Acc: 0.7795	Train AUC: 0.9932894736842104
Test Acc: 0.519	Test AUC: 0.5913461538461539
Itr: 9	Epoch: 30	Train Acc: 0.8115	Train AUC: 0.9836842105263157
Test Acc: 0.523	Test AUC: 0.5966880341880342
Itr: 9	Epoch: 31	Train Acc: 0.8115	Train AUC: 0.9865789473684211
Test Acc: 0.523	Test AUC: 0.6052350427350427
Itr: 9	Epoch: 32	Train Acc: 0.839	Train AUC: 0.9931578947368421
Test Acc: 0.529	Test AUC: 0.6025641025641025
Itr: 9	Epoch: 33	Train Acc: 0.8575	Train AUC: 0.9957894736842106
Test Acc: 0.5265	Test AUC: 0.6041666666666666
Itr: 9	Epoch: 34	Train Acc: 0.848	Train AUC: 0.9903947368421053
Test Acc: 0.526	Test AUC: 0.5827991452991452
Itr: 9	Epoch: 35	Train Acc: 0.8245	Train AUC: 0.9936842105263157
Test Acc: 0.5305	Test AUC: 0.6127136752136753
Itr: 9	Epoch: 36	Train Acc: 0.8275	Train AUC: 0.9893421052631579
Test Acc: 0.5195	Test AUC: 0.5924145299145299
Itr: 9	Epoch: 37	Train Acc: 0.8485	Train AUC: 0.9876315789473684
Test Acc: 0.5225	Test AUC: 0.5897435897435898
Itr: 9	Epoch: 38	Train Acc: 0.833	Train AUC: 0.9861842105263158
Test Acc: 0.52	Test AUC: 0.6036324786324787
Itr: 9	Epoch: 39	Train Acc: 0.8455	Train AUC: 0.9927631578947369
Test Acc: 0.5215	Test AUC: 0.5988247863247863
Itr: 9	Epoch: 40	Train Acc: 0.8445	Train AUC: 0.9885526315789473
Test Acc: 0.5185	Test AUC: 0.594551282051282
Itr: 9	Epoch: 41	Train Acc: 0.847	Train AUC: 0.9997368421052631
Test Acc: 0.5245	Test AUC: 0.592948717948718
Itr: 9	Epoch: 42	Train Acc: 0.8645	Train AUC: 0.9868421052631579
Test Acc: 0.508	Test AUC: 0.5608974358974359
Itr: 9	Epoch: 43	Train Acc: 0.847	Train AUC: 0.9955263157894737
Test Acc: 0.52	Test AUC: 0.5715811965811965
Itr: 9	Epoch: 44	Train Acc: 0.8545	Train AUC: 0.9907894736842106
Test Acc: 0.5225	Test AUC: 0.5496794871794872
Itr: 9	Epoch: 45	Train Acc: 0.848	Train AUC: 0.9751315789473683
Test Acc: 0.524	Test AUC: 0.5608974358974359
Itr: 9	Epoch: 46	Train Acc: 0.879	Train AUC: 0.9982894736842105
Test Acc: 0.5205	Test AUC: 0.6052350427350427
Itr: 9	Epoch: 47	Train Acc: 0.8735	Train AUC: 0.9960526315789474
Test Acc: 0.522	Test AUC: 0.5705128205128205
Itr: 9	Epoch: 48	Train Acc: 0.841	Train AUC: 0.9938157894736842
Test Acc: 0.519	Test AUC: 0.5416666666666667
Itr: 9	Epoch: 49	Train Acc: 0.8895	Train AUC: 0.9968421052631579
Test Acc: 0.522	Test AUC: 0.6041666666666667
Saving {path_to_buffer_storage}/CRC_small/ResNet18/replay_buffer_9.pt
