nohup: ignoring input
/home/intern/anaconda3/envs/distillation_ct/lib/python3.9/site-packages/torch/functional.py:568: UserWarning: torch.meshgrid: in an upcoming release, it will be required to pass the indexing argument. (Triggered internally at  /opt/conda/conda-bld/pytorch_1646756402876/work/aten/src/ATen/native/TensorShape.cpp:2228.)
  return _VF.meshgrid(tensors, **kwargs)  # type: ignore[attr-defined]
Hyper-parameters: 
 {'dataset': 'CRC', 'subset': 'imagenette', 'model': 'ResNet18', 'num_experts': 10, 'lr_teacher': 0.0001, 'batch_train': 16, 'batch_real': 16, 'dsa': True, 'dsa_strategy': 'color_crop_cutout_flip_scale_rotate', 'data_path': '{path_to_dataset}', 'buffer_path': 'buffer2', 'train_epochs': 50, 'zca': False, 'decay': True, 'mom': 0.9, 'l2': 0.01, 'save_interval': 1, 'device': 'cuda', 'dsa_param': <utils.ParamDiffAug object at 0x7fc7d78b8970>}
BUILDING DATASET
DC augmentation parameters: 
 {'crop': 4, 'scale': 0.2, 'rotate': 45, 'noise': 0.001, 'strategy': 'crop_scale_rotate'}
Itr: 0	Epoch: 0	Train Acc: 0.5071300102774923	Train AUC: 0.5174887892376682
Test Acc: 0.4001759281727736	Test AUC: 0.44594594594594594
Itr: 0	Epoch: 1	Train Acc: 0.5300616649537513	Train AUC: 0.5806053811659192
Test Acc: 0.33401075790665696	Test AUC: 0.5051975051975052
Itr: 0	Epoch: 2	Train Acc: 0.5713643371017472	Train AUC: 0.627914798206278
Test Acc: 0.49601633907627596	Test AUC: 0.5161122661122661
Itr: 0	Epoch: 3	Train Acc: 0.6021646968139774	Train AUC: 0.6859865470852019
Test Acc: 0.4942469465340128	Test AUC: 0.603950103950104
Itr: 0	Epoch: 4	Train Acc: 0.636936879068174	Train AUC: 0.7780269058295964
Test Acc: 0.5161469707999676	Test AUC: 0.6309771309771309
Itr: 0	Epoch: 5	Train Acc: 0.6675659472422062	Train AUC: 0.8477578475336323
Test Acc: 0.5206462832645798	Test AUC: 0.6470893970893971
Itr: 0	Epoch: 6	Train Acc: 0.6974563206577595	Train AUC: 0.8950672645739911
Test Acc: 0.5915837579875435	Test AUC: 0.7115384615384616
Itr: 0	Epoch: 7	Train Acc: 0.7243169749914354	Train AUC: 0.9256726457399103
Test Acc: 0.6409245328803689	Test AUC: 0.7058212058212059
Itr: 0	Epoch: 8	Train Acc: 0.7448933710174718	Train AUC: 0.9380044843049328
Test Acc: 0.6492861764943784	Test AUC: 0.7785862785862786
Itr: 0	Epoch: 9	Train Acc: 0.7642600205549845	Train AUC: 0.9504484304932735
Test Acc: 0.705542748523821	Test AUC: 0.774948024948025
Itr: 0	Epoch: 10	Train Acc: 0.7793336759164097	Train AUC: 0.9603139013452914
Test Acc: 0.6380328399255843	Test AUC: 0.7229729729729729
Itr: 0	Epoch: 11	Train Acc: 0.7903926858513189	Train AUC: 0.9697309417040358
Test Acc: 0.6993751516622179	Test AUC: 0.817047817047817
Itr: 0	Epoch: 12	Train Acc: 0.8006808838643371	Train AUC: 0.9753363228699552
Test Acc: 0.6000262881177708	Test AUC: 0.7551975051975052
Itr: 0	Epoch: 13	Train Acc: 0.8118041281260706	Train AUC: 0.9780269058295964
Test Acc: 0.6977169780797541	Test AUC: 0.7946985446985446
Itr: 0	Epoch: 14	Train Acc: 0.8204115279205207	Train AUC: 0.983744394618834
Test Acc: 0.7203955350643048	Test AUC: 0.7624740124740126
Itr: 0	Epoch: 15	Train Acc: 0.8282374100719424	Train AUC: 0.9865470852017937
Test Acc: 0.6954117123675483	Test AUC: 0.8108108108108109
Itr: 0	Epoch: 16	Train Acc: 0.836116820829051	Train AUC: 0.9904708520179372
Test Acc: 0.6328459920731214	Test AUC: 0.748960498960499
Itr: 0	Epoch: 17	Train Acc: 0.8405811065433367	Train AUC: 0.9890134529147983
Test Acc: 0.6266581735824638	Test AUC: 0.74012474012474
Itr: 0	Epoch: 18	Train Acc: 0.8441354059609455	Train AUC: 0.99304932735426
Test Acc: 0.6178011000566206	Test AUC: 0.8451143451143451
Itr: 0	Epoch: 19	Train Acc: 0.8502376670092497	Train AUC: 0.9932735426008968
Test Acc: 0.6474864515085336	Test AUC: 0.7905405405405406
Itr: 0	Epoch: 20	Train Acc: 0.8544878383007879	Train AUC: 0.9955156950672646
Test Acc: 0.6700335679042304	Test AUC: 0.7801455301455301
Itr: 0	Epoch: 21	Train Acc: 0.8584275436793423	Train AUC: 0.9969730941704036
Test Acc: 0.7081007845992073	Test AUC: 0.8024948024948025
Itr: 0	Epoch: 22	Train Acc: 0.8639624015073656	Train AUC: 0.9978699551569506
Test Acc: 0.7332969344010354	Test AUC: 0.7920997920997921
Itr: 0	Epoch: 23	Train Acc: 0.8664568345323741	Train AUC: 0.9987668161434977
Test Acc: 0.6504185877214268	Test AUC: 0.7920997920997921
Itr: 0	Epoch: 24	Train Acc: 0.8696578451524495	Train AUC: 0.9982062780269059
Test Acc: 0.6798309471811049	Test AUC: 0.7858627858627858
Itr: 0	Epoch: 25	Train Acc: 0.8732870846180198	Train AUC: 0.9991031390134528
Test Acc: 0.6207635687130956	Test AUC: 0.7645530145530146
Itr: 0	Epoch: 26	Train Acc: 0.8730729701952723	Train AUC: 0.998542600896861
Test Acc: 0.7152491304699506	Test AUC: 0.801975051975052
Itr: 0	Epoch: 27	Train Acc: 0.917844295991778	Train AUC: 1.0
Test Acc: 0.7037733559815579	Test AUC: 0.8212058212058212
Itr: 0	Epoch: 28	Train Acc: 0.9262911099691675	Train AUC: 1.0
Test Acc: 0.7147537005581169	Test AUC: 0.7936590436590436
Itr: 0	Epoch: 29	Train Acc: 0.929352946214457	Train AUC: 1.0
Test Acc: 0.7108307045215563	Test AUC: 0.83004158004158
Itr: 0	Epoch: 30	Train Acc: 0.9327894826995546	Train AUC: 1.0
Test Acc: 0.7153906818733318	Test AUC: 0.8066528066528066
Itr: 0	Epoch: 31	Train Acc: 0.9361082562521411	Train AUC: 1.0
Test Acc: 0.6880914826498423	Test AUC: 0.8196465696465696
Itr: 0	Epoch: 32	Train Acc: 0.9380781089414183	Train AUC: 1.0
Test Acc: 0.7229232386961093	Test AUC: 0.8238045738045737
Itr: 0	Epoch: 33	Train Acc: 0.9404440733127784	Train AUC: 1.0
Test Acc: 0.7068066003397234	Test AUC: 0.8367983367983367
Itr: 0	Epoch: 34	Train Acc: 0.9423282802329565	Train AUC: 1.0
Test Acc: 0.7221548167920407	Test AUC: 0.831081081081081
Itr: 0	Epoch: 35	Train Acc: 0.9434095580678314	Train AUC: 1.0
Test Acc: 0.6816610046105315	Test AUC: 0.8128898128898129
Itr: 0	Epoch: 36	Train Acc: 0.9453044707091469	Train AUC: 1.0
Test Acc: 0.7050776510555691	Test AUC: 0.8186070686070686
Itr: 0	Epoch: 37	Train Acc: 0.9453151764302844	Train AUC: 1.0
Test Acc: 0.7049664320957696	Test AUC: 0.7941787941787941
Itr: 0	Epoch: 38	Train Acc: 0.9472315005138746	Train AUC: 1.0
Test Acc: 0.7075851330583192	Test AUC: 0.8471933471933472
Itr: 0	Epoch: 39	Train Acc: 0.9500256937307296	Train AUC: 1.0
Test Acc: 0.7166242012456524	Test AUC: 0.801975051975052
Itr: 0	Epoch: 40	Train Acc: 0.9492977046933881	Train AUC: 1.0
Test Acc: 0.7105273800857397	Test AUC: 0.8362785862785863
Itr: 0	Epoch: 41	Train Acc: 0.9510106200753683	Train AUC: 1.0
Test Acc: 0.7315073202297178	Test AUC: 0.8305613305613306
Itr: 0	Epoch: 42	Train Acc: 0.9525950668036999	Train AUC: 1.0
Test Acc: 0.7513346275175928	Test AUC: 0.7998960498960499
Itr: 0	Epoch: 43	Train Acc: 0.9534087016101405	Train AUC: 1.0
Test Acc: 0.7412642562484834	Test AUC: 0.8243243243243243
Itr: 0	Epoch: 44	Train Acc: 0.9556033744433025	Train AUC: 1.0
Test Acc: 0.7333070452155626	Test AUC: 0.8487525987525988
Itr: 0	Epoch: 45	Train Acc: 0.954736211031175	Train AUC: 1.0
Test Acc: 0.6961194693844536	Test AUC: 0.8367983367983368
Itr: 0	Epoch: 46	Train Acc: 0.9561065433367592	Train AUC: 1.0
Test Acc: 0.654038259322171	Test AUC: 0.8316008316008315
Itr: 0	Epoch: 47	Train Acc: 0.9585260363138061	Train AUC: 1.0
Test Acc: 0.7276348782657931	Test AUC: 0.8347193347193347
Itr: 0	Epoch: 48	Train Acc: 0.9589649708804385	Train AUC: 1.0
Test Acc: 0.7130651945320715	Test AUC: 0.8310810810810811
Itr: 0	Epoch: 49	Train Acc: 0.9594039054470709	Train AUC: 1.0
Test Acc: 0.7317702014074254	Test AUC: 0.8357588357588357
Saving buffer2/CRC/ResNet18/replay_buffer_0.pt
Itr: 1	Epoch: 0	Train Acc: 0.5058774409044193	Train AUC: 0.5365470852017937
Test Acc: 0.3752123271050716	Test AUC: 0.645010395010395
Itr: 1	Epoch: 1	Train Acc: 0.5366563891743747	Train AUC: 0.6414798206278026
Test Acc: 0.3388942813233034	Test AUC: 0.6356548856548857
Itr: 1	Epoch: 2	Train Acc: 0.5698227132579651	Train AUC: 0.6950672645739912
Test Acc: 0.3831290948798835	Test AUC: 0.5831600831600832
Itr: 1	Epoch: 3	Train Acc: 0.6162641315519013	Train AUC: 0.7721973094170403
Test Acc: 0.44242902208201895	Test AUC: 0.6190228690228691
Itr: 1	Epoch: 4	Train Acc: 0.6573419835560124	Train AUC: 0.8399103139013452
Test Acc: 0.44482528512496966	Test AUC: 0.6923076923076923
Itr: 1	Epoch: 5	Train Acc: 0.6882922233641658	Train AUC: 0.8890134529147982
Test Acc: 0.6800432742861765	Test AUC: 0.7546777546777547
Itr: 1	Epoch: 6	Train Acc: 0.7118126927029804	Train AUC: 0.9167040358744394
Test Acc: 0.5741830461862008	Test AUC: 0.6746361746361746
Itr: 1	Epoch: 7	Train Acc: 0.732763788968825	Train AUC: 0.9288116591928252
Test Acc: 0.6330482083636658	Test AUC: 0.7136174636174636
Itr: 1	Epoch: 8	Train Acc: 0.7483513189448441	Train AUC: 0.9418161434977579
Test Acc: 0.6169517916363342	Test AUC: 0.8045738045738046
Itr: 1	Epoch: 9	Train Acc: 0.7653305926687222	Train AUC: 0.9535874439461883
Test Acc: 0.4814972094151905	Test AUC: 0.7728690228690229
Itr: 1	Epoch: 10	Train Acc: 0.7766572456320657	Train AUC: 0.9597533632286995
Test Acc: 0.5458121006228261	Test AUC: 0.7988565488565489
Itr: 1	Epoch: 11	Train Acc: 0.7888510620075369	Train AUC: 0.9640134529147983
Test Acc: 0.5864272425786622	Test AUC: 0.7411642411642412
Itr: 1	Epoch: 12	Train Acc: 0.7959703665638918	Train AUC: 0.9687219730941705
Test Acc: 0.6224621855536682	Test AUC: 0.7889812889812889
Itr: 1	Epoch: 13	Train Acc: 0.8077680712572799	Train AUC: 0.9736547085201793
Test Acc: 0.6256976462023781	Test AUC: 0.7364864864864864
Itr: 1	Epoch: 14	Train Acc: 0.8133136348064406	Train AUC: 0.977914798206278
Test Acc: 0.6839662703227372	Test AUC: 0.7271309771309772
Itr: 1	Epoch: 15	Train Acc: 0.8211823398424117	Train AUC: 0.9809417040358746
Test Acc: 0.6195907142279382	Test AUC: 0.7541580041580042
Itr: 1	Epoch: 16	Train Acc: 0.8261926173347036	Train AUC: 0.982847533632287
Test Acc: 0.7206280837984308	Test AUC: 0.7702702702702703
Itr: 1	Epoch: 17	Train Acc: 0.8332262761219595	Train AUC: 0.9881165919282511
Test Acc: 0.6476077812828601	Test AUC: 0.7536382536382537
Itr: 1	Epoch: 18	Train Acc: 0.8395961801986982	Train AUC: 0.989237668161435
Test Acc: 0.6583555771252932	Test AUC: 0.8321205821205822
Itr: 1	Epoch: 19	Train Acc: 0.8428828365878726	Train AUC: 0.9913677130044842
Test Acc: 0.7112958019898084	Test AUC: 0.8310810810810811
Itr: 1	Epoch: 20	Train Acc: 0.8453558581706063	Train AUC: 0.9919282511210763
Test Acc: 0.7007906656960284	Test AUC: 0.83004158004158
Itr: 1	Epoch: 21	Train Acc: 0.8514902363823227	Train AUC: 0.9934977578475337
Test Acc: 0.697524872603737	Test AUC: 0.8367983367983368
Itr: 1	Epoch: 22	Train Acc: 0.8549910071942446	Train AUC: 0.9942825112107624
Test Acc: 0.738049017228828	Test AUC: 0.8508316008316008
Itr: 1	Epoch: 23	Train Acc: 0.8602261048304214	Train AUC: 0.9954035874439462
Test Acc: 0.686089541373453	Test AUC: 0.7884615384615385
./sh_file/buffer_CRC2.sh: line 2: 2324403 Killed                  CUDA_VISIBLE_DEVICES=0,1,2,3 python buffer.py --dataset=CRC --model=ResNet18 --train_epochs=50 --num_experts=10 --lr_teacher=0.0001 --batch_train=16 --batch_real=16 --decay --mom=0.9 --l2=0.01 --save_interval=1 --buffer_path=buffer2 --data_path={path_to_dataset}
